WARNING: System properties and/or JVM args set.  Consider using --dry-run or --exec
0    INFO  (main) [   ] o.e.j.u.log Logging initialized @667ms
355  INFO  (main) [   ] o.e.j.s.Server jetty-9.2.11.v20150529
381  WARN  (main) [   ] o.e.j.s.h.RequestLogHandler !RequestLog
384  INFO  (main) [   ] o.e.j.d.p.ScanningAppProvider Deployment monitor [file:/Users/Mathurs/Downloads/home/padidelavamshikrishna/solr/solr-5.3.0/server/contexts/] at interval 0
1116 INFO  (main) [   ] o.e.j.w.StandardDescriptorProcessor NO JSP Support for /solr, did not find org.apache.jasper.servlet.JspServlet
1136 WARN  (main) [   ] o.e.j.s.SecurityHandler ServletContext@o.e.j.w.WebAppContext@754ba872{/solr,file:/Users/Mathurs/Downloads/home/padidelavamshikrishna/solr/solr-5.3.0/server/solr-webapp/webapp/,STARTING}{/Users/Mathurs/Downloads/home/padidelavamshikrishna/solr/solr-5.3.0/server/solr-webapp/webapp} has uncovered http methods for path: /
1150 INFO  (main) [   ] o.a.s.s.SolrDispatchFilter SolrDispatchFilter.init(): WebAppClassLoader=1540011289@5bcab519
1190 INFO  (main) [   ] o.a.s.c.SolrResourceLoader JNDI not configured for solr (NoInitialContextEx)
1191 INFO  (main) [   ] o.a.s.c.SolrResourceLoader using system property solr.solr.home: /Users/Mathurs/Downloads/home/padidelavamshikrishna/solr/solr-5.3.0/server/solr
1196 INFO  (main) [   ] o.a.s.c.SolrResourceLoader new SolrResourceLoader for directory: '/Users/Mathurs/Downloads/home/padidelavamshikrishna/solr/solr-5.3.0/server/solr/'
1485 INFO  (main) [   ] o.a.s.c.SolrXmlConfig Loading container configuration from /Users/Mathurs/Downloads/home/padidelavamshikrishna/solr/solr-5.3.0/server/solr/solr.xml
1672 INFO  (main) [   ] o.a.s.c.CoresLocator Config-defined core root directory: /Users/Mathurs/Downloads/home/padidelavamshikrishna/solr/solr-5.3.0/server/solr
1903 INFO  (main) [   ] o.a.s.c.CoreContainer New CoreContainer 1165303897
1903 INFO  (main) [   ] o.a.s.c.CoreContainer Loading cores into CoreContainer [instanceDir=/Users/Mathurs/Downloads/home/padidelavamshikrishna/solr/solr-5.3.0/server/solr/]
1903 INFO  (main) [   ] o.a.s.c.CoreContainer loading shared library: /Users/Mathurs/Downloads/home/padidelavamshikrishna/solr/solr-5.3.0/server/solr/lib
1904 WARN  (main) [   ] o.a.s.c.SolrResourceLoader Can't find (or read) directory to add to classloader: lib (resolved as: /Users/Mathurs/Downloads/home/padidelavamshikrishna/solr/solr-5.3.0/server/solr/lib).
1930 INFO  (main) [   ] o.a.s.h.c.HttpShardHandlerFactory created with socketTimeout : 600000,connTimeout : 60000,maxConnectionsPerHost : 20,maxConnections : 10000,corePoolSize : 0,maximumPoolSize : 2147483647,maxThreadIdleTime : 5,sizeOfQueue : -1,fairnessPolicy : false,useRetries : false,
2235 INFO  (main) [   ] o.a.s.u.UpdateShardHandler Creating UpdateShardHandler HTTP client with params: socketTimeout=600000&connTimeout=60000&retry=true
2239 INFO  (main) [   ] o.a.s.l.LogWatcher SLF4J impl is org.slf4j.impl.Log4jLoggerFactory
2241 INFO  (main) [   ] o.a.s.l.LogWatcher Registering Log Listener [Log4j (org.slf4j.impl.Log4jLoggerFactory)]
2244 INFO  (main) [   ] o.a.s.c.CoreContainer Security conf doesn't exist. Skipping setup for authorization module.
2244 INFO  (main) [   ] o.a.s.c.CoreContainer No authentication plugin used.
2324 INFO  (main) [   ] o.a.s.c.CoresLocator Looking for core definitions underneath /Users/Mathurs/Downloads/home/padidelavamshikrishna/solr/solr-5.3.0/server/solr
2332 INFO  (main) [   ] o.a.s.c.CoresLocator Found 0 core definitions
2336 INFO  (main) [   ] o.a.s.s.SolrDispatchFilter user.dir=/Users/Mathurs/Downloads/home/padidelavamshikrishna/solr/solr-5.3.0/server
2336 INFO  (main) [   ] o.a.s.s.SolrDispatchFilter SolrDispatchFilter.init() done
2354 INFO  (main) [   ] o.e.j.s.h.ContextHandler Started o.e.j.w.WebAppContext@754ba872{/solr,file:/Users/Mathurs/Downloads/home/padidelavamshikrishna/solr/solr-5.3.0/server/solr-webapp/webapp/,AVAILABLE}{/Users/Mathurs/Downloads/home/padidelavamshikrishna/solr/solr-5.3.0/server/solr-webapp/webapp}
2393 INFO  (main) [   ] o.e.j.s.ServerConnector Started ServerConnector@6e0f5f7f{HTTP/1.1}{0.0.0.0:8983}
2393 INFO  (main) [   ] o.e.j.s.Server Started @3063ms
12172 INFO  (ShutdownMonitor) [   ] o.e.j.s.ServerConnector Stopped ServerConnector@6e0f5f7f{HTTP/1.1}{0.0.0.0:8983}
12173 INFO  (ShutdownMonitor) [   ] o.a.s.c.CoreContainer Shutting down CoreContainer instance=1165303897
12201 INFO  (ShutdownMonitor) [   ] o.e.j.s.h.ContextHandler Stopped o.e.j.w.WebAppContext@754ba872{/solr,file:/Users/Mathurs/Downloads/home/padidelavamshikrishna/solr/solr-5.3.0/server/solr-webapp/webapp/,UNAVAILABLE}{/Users/Mathurs/Downloads/home/padidelavamshikrishna/solr/solr-5.3.0/server/solr-webapp/webapp}
